<?xml version="1.0" encoding="UTF-8"?>
<testsuite xmlns:xsi="http://www.w3.org/2001/XMLSchema-instance" xsi:noNamespaceSchemaLocation="https://maven.apache.org/surefire/maven-surefire-plugin/xsd/surefire-test-report.xsd" version="3.0.2" name="com.krsm.InventoryManagementSystemApplicationTests" time="5.826" tests="1" errors="0" skipped="0" failures="0">
  <properties>
[...]
</properties>
  <testcase name="contextLoads" classname="com.krsm.InventoryManagementSystemApplicationTests" time="0.334">
    <system-out><![CDATA[23:06:48.411 [main] INFO org.springframework.test.context.support.AnnotationConfigContextLoaderUtils -- Could not detect default configuration classes for test class [com.krsm.InventoryManagementSystemApplicationTests]: InventoryManagementSystemApplicationTests does not declare any static, non-private, non-final, nested classes annotated with @Configuration.
23:06:48.562 [main] INFO org.springframework.boot.test.context.SpringBootTestContextBootstrapper -- Found @SpringBootConfiguration com.krsm.InventoryManagementSystemApplication for test class com.krsm.InventoryManagementSystemApplicationTests
23:06:48.792 [main] INFO org.springframework.boot.devtools.restart.RestartApplicationListener -- Restart disabled due to context in which it is running

  .   ____          _            __ _ _
 /\\ / ___'_ __ _ _(_)_ __  __ _ \ \ \ \
( ( )\___ | '_ | '_| | '_ \/ _` | \ \ \ \
 \\/  ___)| |_)| | | | | || (_| |  ) ) ) )
  '  |____| .__|_| |_|_| |_\__, | / / / /
 =========|_|==============|___/=/_/_/_/

 :: Spring Boot ::                (v3.5.7)

2025-11-02T23:06:49.131+07:00  INFO 46632 --- [InventoryManagementSystem] [           main] nventoryManagementSystemApplicationTests : Starting InventoryManagementSystemApplicationTests using Java 23.0.1 with PID 46632 (started by TUF in C:\sts-4.31.0.RELEASE\workspaces\InventoryManagementSystem)
2025-11-02T23:06:49.132+07:00  INFO 46632 --- [InventoryManagementSystem] [           main] nventoryManagementSystemApplicationTests : No active profile set, falling back to 1 default profile: "default"
2025-11-02T23:06:49.973+07:00  INFO 46632 --- [InventoryManagementSystem] [           main] .s.d.r.c.RepositoryConfigurationDelegate : Bootstrapping Spring Data JPA repositories in DEFAULT mode.
2025-11-02T23:06:50.057+07:00  INFO 46632 --- [InventoryManagementSystem] [           main] .s.d.r.c.RepositoryConfigurationDelegate : Finished Spring Data repository scanning in 72 ms. Found 6 JPA repository interfaces.
2025-11-02T23:06:50.602+07:00  INFO 46632 --- [InventoryManagementSystem] [           main] o.hibernate.jpa.internal.util.LogHelper  : HHH000204: Processing PersistenceUnitInfo [name: default]
2025-11-02T23:06:50.700+07:00  INFO 46632 --- [InventoryManagementSystem] [           main] org.hibernate.Version                    : HHH000412: Hibernate ORM core version 6.6.33.Final
2025-11-02T23:06:50.750+07:00  INFO 46632 --- [InventoryManagementSystem] [           main] o.h.c.internal.RegionFactoryInitiator    : HHH000026: Second-level cache disabled
2025-11-02T23:06:51.111+07:00  INFO 46632 --- [InventoryManagementSystem] [           main] o.s.o.j.p.SpringPersistenceUnitInfo      : No LoadTimeWeaver setup: ignoring JPA class transformer
2025-11-02T23:06:51.148+07:00  INFO 46632 --- [InventoryManagementSystem] [           main] com.zaxxer.hikari.HikariDataSource       : HikariPool-1 - Starting...
2025-11-02T23:06:51.362+07:00  INFO 46632 --- [InventoryManagementSystem] [           main] com.zaxxer.hikari.pool.HikariPool        : HikariPool-1 - Added connection com.mysql.cj.jdbc.ConnectionImpl@7645e64
2025-11-02T23:06:51.363+07:00  INFO 46632 --- [InventoryManagementSystem] [           main] com.zaxxer.hikari.HikariDataSource       : HikariPool-1 - Start completed.
2025-11-02T23:06:51.470+07:00  INFO 46632 --- [InventoryManagementSystem] [           main] org.hibernate.orm.connections.pooling    : HHH10001005: Database info:
	Database JDBC URL [Connecting through datasource 'HikariDataSource (HikariPool-1)']
	Database driver: undefined/unknown
	Database version: 8.3
	Autocommit mode: undefined/unknown
	Isolation level: undefined/unknown
	Minimum pool size: undefined/unknown
	Maximum pool size: undefined/unknown
2025-11-02T23:06:52.298+07:00  INFO 46632 --- [InventoryManagementSystem] [           main] o.h.e.t.j.p.i.JtaPlatformInitiator       : HHH000489: No JTA platform available (set 'hibernate.transaction.jta.platform' to enable JTA platform integration)
2025-11-02T23:06:52.372+07:00  INFO 46632 --- [InventoryManagementSystem] [           main] j.LocalContainerEntityManagerFactoryBean : Initialized JPA EntityManagerFactory for persistence unit 'default'
2025-11-02T23:06:52.665+07:00  INFO 46632 --- [InventoryManagementSystem] [           main] o.s.d.j.r.query.QueryEnhancerFactory     : Hibernate is in classpath; If applicable, HQL parser will be used.
2025-11-02T23:06:53.693+07:00  INFO 46632 --- [InventoryManagementSystem] [           main] nventoryManagementSystemApplicationTests : Started InventoryManagementSystemApplicationTests in 4.92 seconds (process running for 6.109)
]]></system-out>
    <system-err><![CDATA[Mockito is currently self-attaching to enable the inline-mock-maker. This will no longer work in future releases of the JDK. Please add Mockito as an agent to your build as described in Mockito's documentation: https://javadoc.io/doc/org.mockito/mockito-core/latest/org.mockito/org/mockito/Mockito.html#0.3
WARNING: A Java agent has been loaded dynamically (C:\Users\TUF\.m2\repository\net\bytebuddy\byte-buddy-agent\1.17.8\byte-buddy-agent-1.17.8.jar)
WARNING: If a serviceability tool is in use, please run with -XX:+EnableDynamicAgentLoading to hide this warning
WARNING: If a serviceability tool is not in use, please run with -Djdk.instrument.traceUsage for more information
WARNING: Dynamic loading of agents will be disallowed by default in a future release
]]></system-err>
  </testcase>
</testsuite>